<?xml version="1.0" encoding="UTF-8"?>
<!-- Generated by org.testng.reporters.JUnitReportReporter -->
<testsuite skipped="0" hostname="Ers-MacBook-Air.local" name="com.qa.testcases.LoginPageTest" tests="2" failures="0" timestamp="08 May 2019 01:01:50 GMT" time="1.745" errors="0">
  <testcase name="loginPageTitleTest" time="0.038" classname="com.qa.testcases.LoginPageTest"/>
  <testcase name="loginTest" time="1.707" classname="com.qa.testcases.LoginPageTest"/>
</testsuite> <!-- com.qa.testcases.LoginPageTest -->
