<?xml version="1.0" encoding="UTF-8"?>
<!-- Generated by org.testng.reporters.JUnitReportReporter -->
<testsuite skipped="0" hostname="Ers-MacBook-Air.local" name="com.qa.testcases.SecurityBasicsPageTest" tests="1" failures="0" timestamp="08 May 2019 02:27:04 GMT" time="13.091" errors="0">
  <testcase name="verifySearchResults" time="13.091" classname="com.qa.testcases.SecurityBasicsPageTest"/>
</testsuite> <!-- com.qa.testcases.SecurityBasicsPageTest -->
