<?xml version="1.0" encoding="UTF-8"?>
<!-- Generated by org.testng.reporters.JUnitReportReporter -->
<testsuite skipped="0" hostname="Ers-MacBook-Air.local" name="com.qa.testcases.SecurityPageTest" tests="2" failures="0" timestamp="08 May 2019 02:16:56 GMT" time="0.155" errors="0">
  <testcase name="verifySecurityPageTitleTest" time="0.059" classname="com.qa.testcases.SecurityPageTest"/>
  <testcase name="verifyclickSecurityBasicPageTest" time="0.096" classname="com.qa.testcases.SecurityPageTest"/>
</testsuite> <!-- com.qa.testcases.SecurityPageTest -->
